0 info it worked if it ends with ok
1 verbose cli [ '/home/kenp/.nvm/versions/node/v6.6.0/bin/node',
1 verbose cli   '/home/kenp/.nvm/versions/node/v6.6.0/bin/npm',
1 verbose cli   'start' ]
2 info using npm@3.10.8
3 info using node@v6.6.0
4 verbose run-script [ 'prestart', 'start', 'poststart' ]
5 info lifecycle AirlineReservation@0.0.0~prestart: AirlineReservation@0.0.0
6 silly lifecycle AirlineReservation@0.0.0~prestart: no script for prestart, continuing
7 info lifecycle AirlineReservation@0.0.0~start: AirlineReservation@0.0.0
8 verbose lifecycle AirlineReservation@0.0.0~start: unsafe-perm in lifecycle true
9 verbose lifecycle AirlineReservation@0.0.0~start: PATH: /home/kenp/.nvm/versions/node/v6.6.0/lib/node_modules/npm/bin/node-gyp-bin:/home/kenp/Labs/AirlineReservation/node_modules/.bin:/home/kenp/.nvm/versions/node/v6.6.0/bin:/home/kenp/bin:/home/kenp/.local/bin:/usr/local/sbin:/usr/local/bin:/usr/sbin:/usr/bin:/sbin:/bin:/usr/games:/usr/local/games:/snap/bin:/snap/bin
10 verbose lifecycle AirlineReservation@0.0.0~start: CWD: /home/kenp/Labs/AirlineReservation
11 silly lifecycle AirlineReservation@0.0.0~start: Args: [ '-c', 'node server' ]
12 silly lifecycle AirlineReservation@0.0.0~start: Returned: code: 1  signal: null
13 info lifecycle AirlineReservation@0.0.0~start: Failed to exec start script
14 verbose stack Error: AirlineReservation@0.0.0 start: `node server`
14 verbose stack Exit status 1
14 verbose stack     at EventEmitter.<anonymous> (/home/kenp/.nvm/versions/node/v6.6.0/lib/node_modules/npm/lib/utils/lifecycle.js:255:16)
14 verbose stack     at emitTwo (events.js:106:13)
14 verbose stack     at EventEmitter.emit (events.js:191:7)
14 verbose stack     at ChildProcess.<anonymous> (/home/kenp/.nvm/versions/node/v6.6.0/lib/node_modules/npm/lib/utils/spawn.js:40:14)
14 verbose stack     at emitTwo (events.js:106:13)
14 verbose stack     at ChildProcess.emit (events.js:191:7)
14 verbose stack     at maybeClose (internal/child_process.js:877:16)
14 verbose stack     at Process.ChildProcess._handle.onexit (internal/child_process.js:226:5)
15 verbose pkgid AirlineReservation@0.0.0
16 verbose cwd /home/kenp/Labs/AirlineReservation
17 error Linux 4.4.0-45-generic
18 error argv "/home/kenp/.nvm/versions/node/v6.6.0/bin/node" "/home/kenp/.nvm/versions/node/v6.6.0/bin/npm" "start"
19 error node v6.6.0
20 error npm  v3.10.8
21 error code ELIFECYCLE
22 error AirlineReservation@0.0.0 start: `node server`
22 error Exit status 1
23 error Failed at the AirlineReservation@0.0.0 start script 'node server'.
23 error Make sure you have the latest version of node.js and npm installed.
23 error If you do, this is most likely a problem with the AirlineReservation package,
23 error not with npm itself.
23 error Tell the author that this fails on your system:
23 error     node server
23 error You can get information on how to open an issue for this project with:
23 error     npm bugs AirlineReservation
23 error Or if that isn't available, you can get their info via:
23 error     npm owner ls AirlineReservation
23 error There is likely additional logging output above.
24 verbose exit [ 1, true ]
